<?xml version="1.0" encoding="UTF-8"?>
<!-- Generated by org.testng.reporters.JUnitReportReporter -->
<testsuite hostname="HW0524" failures="0" tests="2" name="selenium.Testng1" time="0.012" errors="0" timestamp="31 Oct 2022 07:07:09 GMT" skipped="0">
  <testcase classname="selenium.Testng1" name="test10" time="0.009"/>
  <testcase classname="selenium.Testng1" name="test5" time="0.003"/>
</testsuite> <!-- selenium.Testng1 -->
