<?xml version="1.0" encoding="UTF-8"?>
<!-- Generated by org.testng.reporters.JUnitReportReporter -->
<testsuite hostname="HW0524" failures="0" tests="2" name="selenium.ParametersTestng" time="7.747" errors="0" timestamp="04 Nov 2022 08:51:53 GMT" skipped="0">
  <testcase classname="selenium.ParametersTestng" name="lanchbrowser" time="7.726"/>
  <testcase classname="selenium.ParametersTestng" name="lanchbrowser" time="0.021"/>
</testsuite> <!-- selenium.ParametersTestng -->
