<?xml version="1.0" encoding="UTF-8"?>
<!-- Generated by org.testng.reporters.JUnitReportReporter -->
<testsuite hostname="HW0524" failures="0" tests="9" name="selenium.Testng2" time="0.018" errors="0" timestamp="02 Nov 2022 05:09:54 GMT" skipped="1">
  <testcase classname="selenium.Testng2" name="test5" time="0.007"/>
  <testcase classname="selenium.Testng2" name="zbc" time="0.003"/>
  <testcase classname="selenium.Testng2" name="zba" time="0.003"/>
  <testcase classname="selenium.Testng2" name="test3" time="0.001"/>
  <testcase classname="selenium.Testng2" name="test2" time="0.001"/>
  <testcase classname="selenium.Testng2" name="test6" time="0.001"/>
  <testcase classname="selenium.Testng2" name="test7" time="0.001"/>
  <testcase classname="selenium.Testng2" name="test8" time="0.001"/>
  <testcase classname="selenium.Testng2" name="test4">
    <skipped/>
  </testcase> <!-- test4 -->
</testsuite> <!-- selenium.Testng2 -->
